[2019-03-04 18:20:27] local.ERROR: file_put_contents(/home/elliot/Documents/goadev/storage/framework/sessions/M1YKU62KkpuOX6WELnh4nLNgMedLEolEAOxLzVMC): failed to open stream: Permission denied {"exception":"[object] (ErrorException(code: 0): file_put_contents(/home/elliot/Documents/goadev/storage/framework/sessions/M1YKU62KkpuOX6WELnh4nLNgMedLEolEAOxLzVMC): failed to open stream: Permission denied at /home/elliot/Documents/goadev/vendor/laravel/framework/src/Illuminate/Filesystem/Filesystem.php:122)
[stacktrace]
#0 [internal function]: Illuminate\\Foundation\\Bootstrap\\HandleExceptions->handleError(2, 'file_put_conten...', '/home/elliot/Do...', 122, Array)
#1 /home/elliot/Documents/goadev/vendor/laravel/framework/src/Illuminate/Filesystem/Filesystem.php(122): file_put_contents('/home/elliot/Do...', 'a:3:{s:6:\"_toke...', 2)
#2 /home/elliot/Documents/goadev/vendor/laravel/framework/src/Illuminate/Session/FileSessionHandler.php(83): Illuminate\\Filesystem\\Filesystem->put('/home/elliot/Do...', 'a:3:{s:6:\"_toke...', true)
#3 /home/elliot/Documents/goadev/vendor/laravel/framework/src/Illuminate/Session/Store.php(128): Illuminate\\Session\\FileSessionHandler->write('M1YKU62KkpuOX6W...', 'a:3:{s:6:\"_toke...')
#4 /home/elliot/Documents/goadev/vendor/laravel/framework/src/Illuminate/Session/Middleware/StartSession.php(87): Illuminate\\Session\\Store->save()
#5 /home/elliot/Documents/goadev/vendor/laravel/framework/src/Illuminate/Foundation/Http/Kernel.php(218): Illuminate\\Session\\Middleware\\StartSession->terminate(Object(Illuminate\\Http\\Request), Object(Illuminate\\Http\\Response))
#6 /home/elliot/Documents/goadev/vendor/laravel/framework/src/Illuminate/Foundation/Http/Kernel.php(189): Illuminate\\Foundation\\Http\\Kernel->terminateMiddleware(Object(Illuminate\\Http\\Request), Object(Illuminate\\Http\\Response))
#7 /home/elliot/Documents/goadev/public/index.php(60): Illuminate\\Foundation\\Http\\Kernel->terminate(Object(Illuminate\\Http\\Request), Object(Illuminate\\Http\\Response))
#8 /home/elliot/Documents/goadev/server.php(21): require_once('/home/elliot/Do...')
#9 {main}
"} 
[2019-03-04 18:22:45] local.ERROR: file_put_contents(/home/elliot/Documents/goadev/storage/framework/sessions/M1YKU62KkpuOX6WELnh4nLNgMedLEolEAOxLzVMC): failed to open stream: Permission denied {"exception":"[object] (ErrorException(code: 0): file_put_contents(/home/elliot/Documents/goadev/storage/framework/sessions/M1YKU62KkpuOX6WELnh4nLNgMedLEolEAOxLzVMC): failed to open stream: Permission denied at /home/elliot/Documents/goadev/vendor/laravel/framework/src/Illuminate/Filesystem/Filesystem.php:122)
[stacktrace]
#0 [internal function]: Illuminate\\Foundation\\Bootstrap\\HandleExceptions->handleError(2, 'file_put_conten...', '/home/elliot/Do...', 122, Array)
#1 /home/elliot/Documents/goadev/vendor/laravel/framework/src/Illuminate/Filesystem/Filesystem.php(122): file_put_contents('/home/elliot/Do...', 'a:3:{s:6:\"_toke...', 2)
#2 /home/elliot/Documents/goadev/vendor/laravel/framework/src/Illuminate/Session/FileSessionHandler.php(83): Illuminate\\Filesystem\\Filesystem->put('/home/elliot/Do...', 'a:3:{s:6:\"_toke...', true)
#3 /home/elliot/Documents/goadev/vendor/laravel/framework/src/Illuminate/Session/Store.php(128): Illuminate\\Session\\FileSessionHandler->write('M1YKU62KkpuOX6W...', 'a:3:{s:6:\"_toke...')
#4 /home/elliot/Documents/goadev/vendor/laravel/framework/src/Illuminate/Session/Middleware/StartSession.php(87): Illuminate\\Session\\Store->save()
#5 /home/elliot/Documents/goadev/vendor/laravel/framework/src/Illuminate/Foundation/Http/Kernel.php(218): Illuminate\\Session\\Middleware\\StartSession->terminate(Object(Illuminate\\Http\\Request), Object(Illuminate\\Http\\Response))
#6 /home/elliot/Documents/goadev/vendor/laravel/framework/src/Illuminate/Foundation/Http/Kernel.php(189): Illuminate\\Foundation\\Http\\Kernel->terminateMiddleware(Object(Illuminate\\Http\\Request), Object(Illuminate\\Http\\Response))
#7 /home/elliot/Documents/goadev/public/index.php(60): Illuminate\\Foundation\\Http\\Kernel->terminate(Object(Illuminate\\Http\\Request), Object(Illuminate\\Http\\Response))
#8 /home/elliot/Documents/goadev/server.php(21): require_once('/home/elliot/Do...')
#9 {main}
"} 
